[2018-06-10 09:04:29] [info] Start Program:
Path:"C:\Users\Andrei\Desktop\SDA Project\main\Debug\main.exe"
Arguments:
Working directory: "C:\Users\Andrei\Desktop\SDA Project\main\"
Modules: Selected: C:\Users\Andrei\Desktop\SDA Project\main\Debug\main.exe Excluded: 
Sources: Selected: C:\Users\Andrei\Desktop\SDA Project\main Excluded: 
Log Level: Normal
Cover Children: 0
Aggregate by file: 1
Continue after C++ exception: 0
Optimized build support: 0
Export: Binary C:\Users\Andrei\AppData\Local\Temp\qeah3hyk.jhm 
Input coverage: 
Unified diff: 
Excluded line regular expressions: 

[2018-06-10 09:04:29] [info] Module: C:\Users\Andrei\Desktop\SDA Project\main\Debug\main.exe is selected because it matches selected pattern: C:\Users\Andrei\Desktop\SDA Project\main\Debug\main.exe
[2018-06-10 09:04:29] [info] Module: C:\Windows\SysWOW64\ntdll.dll is skipped because it matches no selected patterns
[2018-06-10 09:04:29] [info] Module: C:\Windows\SysWOW64\kernel32.dll is skipped because it matches no selected patterns
[2018-06-10 09:04:29] [info] Module: C:\Windows\SysWOW64\KernelBase.dll is skipped because it matches no selected patterns
[2018-06-10 09:04:29] [info] Module: C:\Windows\SysWOW64\msvcp140d.dll is skipped because it matches no selected patterns
[2018-06-10 09:04:29] [info] Module: C:\Windows\SysWOW64\vcruntime140d.dll is skipped because it matches no selected patterns
[2018-06-10 09:04:29] [info] Module: C:\Windows\SysWOW64\ucrtbased.dll is skipped because it matches no selected patterns
[2018-06-10 09:04:29] [info] Module: C:\Windows\SysWOW64\api-ms-win-core-localization-l1-2-0.dll is skipped because it matches no selected patterns
[2018-06-10 09:04:29] [info] Module: C:\Windows\SysWOW64\api-ms-win-core-processthreads-l1-1-1.dll is skipped because it matches no selected patterns
[2018-06-10 09:04:29] [info] Module: C:\Windows\SysWOW64\api-ms-win-core-file-l1-2-0.dll is skipped because it matches no selected patterns
[2018-06-10 09:04:29] [info] Module: C:\Windows\SysWOW64\api-ms-win-core-timezone-l1-1-0.dll is skipped because it matches no selected patterns
[2018-06-10 09:04:29] [info] Module: C:\Windows\SysWOW64\api-ms-win-core-file-l2-1-0.dll is skipped because it matches no selected patterns
[2018-06-10 09:04:29] [info] Module: C:\Windows\SysWOW64\api-ms-win-core-synch-l1-2-0.dll is skipped because it matches no selected patterns
[2018-06-10 09:04:29] [info] Module: C:\Windows\SysWOW64\apphelp.dll is skipped because it matches no selected patterns
[2018-06-10 09:04:29] [info] Module: C:\Windows\SysWOW64\cmd.exe is skipped because it matches no selected patterns
[2018-06-10 09:04:30] [info] ----------------------------------------------------
[2018-06-10 09:04:30] [info] Coverage binary generated in file: C:\Users\Andrei\AppData\Local\Temp\qeah3hyk.jhm
[2018-06-10 09:04:30] [info] ----------------------------------------------------
